[10-Mar-2018 16:52:28 UTC] PHP Warning:  require(toolbar.php): failed to open stream: No such file or directory in /home/ubuntu/workspace/sitoweb/sitoweb-master/index.php on line 3
[10-Mar-2018 16:52:28 UTC] PHP Stack trace:
[10-Mar-2018 16:52:28 UTC] PHP   1. {main}() /home/ubuntu/workspace/sitoweb/sitoweb-master/index.php:0
[10-Mar-2018 16:52:28 UTC] PHP Fatal error:  require(): Failed opening required 'toolbar.php' (include_path='.:/usr/share/php:/usr/share/pear') in /home/ubuntu/workspace/sitoweb/sitoweb-master/index.php on line 3
[10-Mar-2018 16:52:28 UTC] PHP Stack trace:
[10-Mar-2018 16:52:28 UTC] PHP   1. {main}() /home/ubuntu/workspace/sitoweb/sitoweb-master/index.php:0
[13-Mar-2018 08:12:02 UTC] PHP Warning:  include(../signin.php): failed to open stream: No such file or directory in /home/ubuntu/workspace/sitoweb/sitoweb-master/partials/toolbar.php on line 89
[13-Mar-2018 08:12:02 UTC] PHP Stack trace:
[13-Mar-2018 08:12:02 UTC] PHP   1. {main}() /home/ubuntu/workspace/sitoweb/sitoweb-master/index.php:0
[13-Mar-2018 08:12:02 UTC] PHP   2. require() /home/ubuntu/workspace/sitoweb/sitoweb-master/index.php:3
[13-Mar-2018 08:12:02 UTC] PHP Warning:  include(): Failed opening '../signin.php' for inclusion (include_path='.:/usr/share/php:/usr/share/pear') in /home/ubuntu/workspace/sitoweb/sitoweb-master/partials/toolbar.php on line 89
[13-Mar-2018 08:12:02 UTC] PHP Stack trace:
[13-Mar-2018 08:12:02 UTC] PHP   1. {main}() /home/ubuntu/workspace/sitoweb/sitoweb-master/index.php:0
[13-Mar-2018 08:12:02 UTC] PHP   2. require() /home/ubuntu/workspace/sitoweb/sitoweb-master/index.php:3
[13-Mar-2018 08:14:04 UTC] PHP Warning:  include(/sitoweb-master/signin.php): failed to open stream: No such file or directory in /home/ubuntu/workspace/sitoweb/sitoweb-master/partials/toolbar.php on line 89
[13-Mar-2018 08:14:04 UTC] PHP Stack trace:
[13-Mar-2018 08:14:04 UTC] PHP   1. {main}() /home/ubuntu/workspace/sitoweb/sitoweb-master/index.php:0
[13-Mar-2018 08:14:04 UTC] PHP   2. require() /home/ubuntu/workspace/sitoweb/sitoweb-master/index.php:3
[13-Mar-2018 08:14:04 UTC] PHP Warning:  include(): Failed opening '/sitoweb-master/signin.php' for inclusion (include_path='.:/usr/share/php:/usr/share/pear') in /home/ubuntu/workspace/sitoweb/sitoweb-master/partials/toolbar.php on line 89
[13-Mar-2018 08:14:04 UTC] PHP Stack trace:
[13-Mar-2018 08:14:04 UTC] PHP   1. {main}() /home/ubuntu/workspace/sitoweb/sitoweb-master/index.php:0
[13-Mar-2018 08:14:04 UTC] PHP   2. require() /home/ubuntu/workspace/sitoweb/sitoweb-master/index.php:3
[13-Mar-2018 08:18:47 UTC] PHP Warning:  include(/home/ubuntu/workspace/sitoweb-master/signin.php): failed to open stream: No such file or directory in /home/ubuntu/workspace/sitoweb/sitoweb-master/partials/toolbar.php on line 89
[13-Mar-2018 08:18:47 UTC] PHP Stack trace:
[13-Mar-2018 08:18:47 UTC] PHP   1. {main}() /home/ubuntu/workspace/sitoweb/sitoweb-master/index.php:0
[13-Mar-2018 08:18:47 UTC] PHP   2. require() /home/ubuntu/workspace/sitoweb/sitoweb-master/index.php:3
[13-Mar-2018 08:18:47 UTC] PHP Warning:  include(): Failed opening '/home/ubuntu/workspace/sitoweb-master/signin.php' for inclusion (include_path='.:/usr/share/php:/usr/share/pear') in /home/ubuntu/workspace/sitoweb/sitoweb-master/partials/toolbar.php on line 89
[13-Mar-2018 08:18:47 UTC] PHP Stack trace:
[13-Mar-2018 08:18:47 UTC] PHP   1. {main}() /home/ubuntu/workspace/sitoweb/sitoweb-master/index.php:0
[13-Mar-2018 08:18:47 UTC] PHP   2. require() /home/ubuntu/workspace/sitoweb/sitoweb-master/index.php:3
[13-Mar-2018 08:20:20 UTC] PHP Warning:  include(/home/ubuntu/workspace/sitoweb-master/signin.php): failed to open stream: No such file or directory in /home/ubuntu/workspace/sitoweb/sitoweb-master/partials/toolbar.php on line 89
[13-Mar-2018 08:20:20 UTC] PHP Stack trace:
[13-Mar-2018 08:20:20 UTC] PHP   1. {main}() /home/ubuntu/workspace/sitoweb/sitoweb-master/index.php:0
[13-Mar-2018 08:20:20 UTC] PHP   2. require() /home/ubuntu/workspace/sitoweb/sitoweb-master/index.php:3
[13-Mar-2018 08:20:20 UTC] PHP Warning:  include(): Failed opening '/home/ubuntu/workspace/sitoweb-master/signin.php' for inclusion (include_path='.:/usr/share/php:/usr/share/pear') in /home/ubuntu/workspace/sitoweb/sitoweb-master/partials/toolbar.php on line 89
[13-Mar-2018 08:20:20 UTC] PHP Stack trace:
[13-Mar-2018 08:20:20 UTC] PHP   1. {main}() /home/ubuntu/workspace/sitoweb/sitoweb-master/index.php:0
[13-Mar-2018 08:20:20 UTC] PHP   2. require() /home/ubuntu/workspace/sitoweb/sitoweb-master/index.php:3
[13-Mar-2018 08:20:44 UTC] PHP Warning:  include(/home/ubuntu/workspace/home/ubuntu/workspace/sitoweb-master/signin.php): failed to open stream: No such file or directory in /home/ubuntu/workspace/sitoweb/sitoweb-master/partials/toolbar.php on line 89
[13-Mar-2018 08:20:44 UTC] PHP Stack trace:
[13-Mar-2018 08:20:44 UTC] PHP   1. {main}() /home/ubuntu/workspace/sitoweb/sitoweb-master/index.php:0
[13-Mar-2018 08:20:44 UTC] PHP   2. require() /home/ubuntu/workspace/sitoweb/sitoweb-master/index.php:3
[13-Mar-2018 08:20:44 UTC] PHP Warning:  include(): Failed opening '/home/ubuntu/workspace/home/ubuntu/workspace/sitoweb-master/signin.php' for inclusion (include_path='.:/usr/share/php:/usr/share/pear') in /home/ubuntu/workspace/sitoweb/sitoweb-master/partials/toolbar.php on line 89
[13-Mar-2018 08:20:44 UTC] PHP Stack trace:
[13-Mar-2018 08:20:44 UTC] PHP   1. {main}() /home/ubuntu/workspace/sitoweb/sitoweb-master/index.php:0
[13-Mar-2018 08:20:44 UTC] PHP   2. require() /home/ubuntu/workspace/sitoweb/sitoweb-master/index.php:3
[13-Mar-2018 08:22:30 UTC] PHP Warning:  include(): https:// wrapper is disabled in the server configuration by allow_url_include=0 in /home/ubuntu/workspace/sitoweb/sitoweb-master/partials/toolbar.php on line 89
[13-Mar-2018 08:22:30 UTC] PHP Stack trace:
[13-Mar-2018 08:22:30 UTC] PHP   1. {main}() /home/ubuntu/workspace/sitoweb/sitoweb-master/index.php:0
[13-Mar-2018 08:22:30 UTC] PHP   2. require() /home/ubuntu/workspace/sitoweb/sitoweb-master/index.php:3
[13-Mar-2018 08:22:30 UTC] PHP Warning:  include(https://lamp-project-giugie-danieletommasini.c9users.io/sitoweb/sitoweb-master/signin.php): failed to open stream: no suitable wrapper could be found in /home/ubuntu/workspace/sitoweb/sitoweb-master/partials/toolbar.php on line 89
[13-Mar-2018 08:22:30 UTC] PHP Stack trace:
[13-Mar-2018 08:22:30 UTC] PHP   1. {main}() /home/ubuntu/workspace/sitoweb/sitoweb-master/index.php:0
[13-Mar-2018 08:22:30 UTC] PHP   2. require() /home/ubuntu/workspace/sitoweb/sitoweb-master/index.php:3
[13-Mar-2018 08:22:30 UTC] PHP Warning:  include(): Failed opening 'https://lamp-project-giugie-danieletommasini.c9users.io/sitoweb/sitoweb-master/signin.php' for inclusion (include_path='.:/usr/share/php:/usr/share/pear') in /home/ubuntu/workspace/sitoweb/sitoweb-master/partials/toolbar.php on line 89
[13-Mar-2018 08:22:30 UTC] PHP Stack trace:
[13-Mar-2018 08:22:30 UTC] PHP   1. {main}() /home/ubuntu/workspace/sitoweb/sitoweb-master/index.php:0
[13-Mar-2018 08:22:30 UTC] PHP   2. require() /home/ubuntu/workspace/sitoweb/sitoweb-master/index.php:3
[15-Mar-2018 21:19:04 UTC] PHP Fatal error:  Call to undefined function alert() in /home/ubuntu/workspace/sitoweb/sitoweb-master/loginregister.php on line 80
[15-Mar-2018 21:19:04 UTC] PHP Stack trace:
[15-Mar-2018 21:19:04 UTC] PHP   1. {main}() /home/ubuntu/workspace/sitoweb/sitoweb-master/loginregister.php:0
[22-Mar-2018 11:08:31 UTC] PHP Warning:  require(/sitoweb/sitoweb-master/partials/pager.php): failed to open stream: No such file or directory in /home/ubuntu/workspace/sitoweb/sitoweb-master/index.php on line 51
[22-Mar-2018 11:08:31 UTC] PHP Stack trace:
[22-Mar-2018 11:08:31 UTC] PHP   1. {main}() /home/ubuntu/workspace/sitoweb/sitoweb-master/index.php:0
[22-Mar-2018 11:08:31 UTC] PHP Fatal error:  require(): Failed opening required '/sitoweb/sitoweb-master/partials/pager.php' (include_path='.:/usr/share/php:/usr/share/pear') in /home/ubuntu/workspace/sitoweb/sitoweb-master/index.php on line 51
[22-Mar-2018 11:08:31 UTC] PHP Stack trace:
[22-Mar-2018 11:08:31 UTC] PHP   1. {main}() /home/ubuntu/workspace/sitoweb/sitoweb-master/index.php:0
