[13-Mar-2018 08:03:31 UTC] PHP Warning:  include(signin.php): failed to open stream: No such file or directory in /home/ubuntu/workspace/sitoweb/sitoweb-master/partials/toolbar.php on line 89
[13-Mar-2018 08:03:31 UTC] PHP Stack trace:
[13-Mar-2018 08:03:31 UTC] PHP   1. {main}() /home/ubuntu/workspace/sitoweb/sitoweb-master/partials/cpp.php:0
[13-Mar-2018 08:03:31 UTC] PHP   2. require() /home/ubuntu/workspace/sitoweb/sitoweb-master/partials/cpp.php:3
[13-Mar-2018 08:03:31 UTC] PHP Warning:  include(): Failed opening 'signin.php' for inclusion (include_path='.:/usr/share/php:/usr/share/pear') in /home/ubuntu/workspace/sitoweb/sitoweb-master/partials/toolbar.php on line 89
[13-Mar-2018 08:03:31 UTC] PHP Stack trace:
[13-Mar-2018 08:03:31 UTC] PHP   1. {main}() /home/ubuntu/workspace/sitoweb/sitoweb-master/partials/cpp.php:0
[13-Mar-2018 08:03:31 UTC] PHP   2. require() /home/ubuntu/workspace/sitoweb/sitoweb-master/partials/cpp.php:3
[13-Mar-2018 08:04:29 UTC] PHP Warning:  include(signin.php): failed to open stream: No such file or directory in /home/ubuntu/workspace/sitoweb/sitoweb-master/partials/toolbar.php on line 89
[13-Mar-2018 08:04:29 UTC] PHP Stack trace:
[13-Mar-2018 08:04:29 UTC] PHP   1. {main}() /home/ubuntu/workspace/sitoweb/sitoweb-master/partials/php.php:0
[13-Mar-2018 08:04:29 UTC] PHP   2. require() /home/ubuntu/workspace/sitoweb/sitoweb-master/partials/php.php:3
[13-Mar-2018 08:04:29 UTC] PHP Warning:  include(): Failed opening 'signin.php' for inclusion (include_path='.:/usr/share/php:/usr/share/pear') in /home/ubuntu/workspace/sitoweb/sitoweb-master/partials/toolbar.php on line 89
[13-Mar-2018 08:04:29 UTC] PHP Stack trace:
[13-Mar-2018 08:04:29 UTC] PHP   1. {main}() /home/ubuntu/workspace/sitoweb/sitoweb-master/partials/php.php:0
[13-Mar-2018 08:04:29 UTC] PHP   2. require() /home/ubuntu/workspace/sitoweb/sitoweb-master/partials/php.php:3
[13-Mar-2018 08:05:59 UTC] PHP Warning:  include(): https:// wrapper is disabled in the server configuration by allow_url_include=0 in /home/ubuntu/workspace/sitoweb/sitoweb-master/partials/toolbar.php on line 89
[13-Mar-2018 08:05:59 UTC] PHP Stack trace:
[13-Mar-2018 08:05:59 UTC] PHP   1. {main}() /home/ubuntu/workspace/sitoweb/sitoweb-master/partials/php.php:0
[13-Mar-2018 08:05:59 UTC] PHP   2. require() /home/ubuntu/workspace/sitoweb/sitoweb-master/partials/php.php:3
[13-Mar-2018 08:05:59 UTC] PHP Warning:  include(https://lamp-project-giugie-danieletommasini.c9users.io/sitoweb/sitoweb-master/signin.php): failed to open stream: no suitable wrapper could be found in /home/ubuntu/workspace/sitoweb/sitoweb-master/partials/toolbar.php on line 89
[13-Mar-2018 08:05:59 UTC] PHP Stack trace:
[13-Mar-2018 08:05:59 UTC] PHP   1. {main}() /home/ubuntu/workspace/sitoweb/sitoweb-master/partials/php.php:0
[13-Mar-2018 08:05:59 UTC] PHP   2. require() /home/ubuntu/workspace/sitoweb/sitoweb-master/partials/php.php:3
[13-Mar-2018 08:05:59 UTC] PHP Warning:  include(): Failed opening 'https://lamp-project-giugie-danieletommasini.c9users.io/sitoweb/sitoweb-master/signin.php' for inclusion (include_path='.:/usr/share/php:/usr/share/pear') in /home/ubuntu/workspace/sitoweb/sitoweb-master/partials/toolbar.php on line 89
[13-Mar-2018 08:05:59 UTC] PHP Stack trace:
[13-Mar-2018 08:05:59 UTC] PHP   1. {main}() /home/ubuntu/workspace/sitoweb/sitoweb-master/partials/php.php:0
[13-Mar-2018 08:05:59 UTC] PHP   2. require() /home/ubuntu/workspace/sitoweb/sitoweb-master/partials/php.php:3
[13-Mar-2018 08:07:33 UTC] PHP Warning:  include(sitoweb/sitoweb-master/signin.php): failed to open stream: No such file or directory in /home/ubuntu/workspace/sitoweb/sitoweb-master/partials/toolbar.php on line 89
[13-Mar-2018 08:07:33 UTC] PHP Stack trace:
[13-Mar-2018 08:07:33 UTC] PHP   1. {main}() /home/ubuntu/workspace/sitoweb/sitoweb-master/partials/php.php:0
[13-Mar-2018 08:07:33 UTC] PHP   2. require() /home/ubuntu/workspace/sitoweb/sitoweb-master/partials/php.php:3
[13-Mar-2018 08:07:33 UTC] PHP Warning:  include(): Failed opening 'sitoweb/sitoweb-master/signin.php' for inclusion (include_path='.:/usr/share/php:/usr/share/pear') in /home/ubuntu/workspace/sitoweb/sitoweb-master/partials/toolbar.php on line 89
[13-Mar-2018 08:07:33 UTC] PHP Stack trace:
[13-Mar-2018 08:07:33 UTC] PHP   1. {main}() /home/ubuntu/workspace/sitoweb/sitoweb-master/partials/php.php:0
[13-Mar-2018 08:07:33 UTC] PHP   2. require() /home/ubuntu/workspace/sitoweb/sitoweb-master/partials/php.php:3
[13-Mar-2018 08:19:18 UTC] PHP Warning:  include(/home/ubuntu/workspace/sitoweb-master/signin.php): failed to open stream: No such file or directory in /home/ubuntu/workspace/sitoweb/sitoweb-master/partials/toolbar.php on line 89
[13-Mar-2018 08:19:18 UTC] PHP Stack trace:
[13-Mar-2018 08:19:18 UTC] PHP   1. {main}() /home/ubuntu/workspace/sitoweb/sitoweb-master/partials/java.php:0
[13-Mar-2018 08:19:18 UTC] PHP   2. require() /home/ubuntu/workspace/sitoweb/sitoweb-master/partials/java.php:3
[13-Mar-2018 08:19:18 UTC] PHP Warning:  include(): Failed opening '/home/ubuntu/workspace/sitoweb-master/signin.php' for inclusion (include_path='.:/usr/share/php:/usr/share/pear') in /home/ubuntu/workspace/sitoweb/sitoweb-master/partials/toolbar.php on line 89
[13-Mar-2018 08:19:18 UTC] PHP Stack trace:
[13-Mar-2018 08:19:18 UTC] PHP   1. {main}() /home/ubuntu/workspace/sitoweb/sitoweb-master/partials/java.php:0
[13-Mar-2018 08:19:18 UTC] PHP   2. require() /home/ubuntu/workspace/sitoweb/sitoweb-master/partials/java.php:3
[13-Mar-2018 08:20:14 UTC] PHP Warning:  include(/home/ubuntu/workspace/sitoweb-master/signin.php): failed to open stream: No such file or directory in /home/ubuntu/workspace/sitoweb/sitoweb-master/partials/toolbar.php on line 89
[13-Mar-2018 08:20:14 UTC] PHP Stack trace:
[13-Mar-2018 08:20:14 UTC] PHP   1. {main}() /home/ubuntu/workspace/sitoweb/sitoweb-master/partials/java.php:0
[13-Mar-2018 08:20:14 UTC] PHP   2. require() /home/ubuntu/workspace/sitoweb/sitoweb-master/partials/java.php:3
[13-Mar-2018 08:20:14 UTC] PHP Warning:  include(): Failed opening '/home/ubuntu/workspace/sitoweb-master/signin.php' for inclusion (include_path='.:/usr/share/php:/usr/share/pear') in /home/ubuntu/workspace/sitoweb/sitoweb-master/partials/toolbar.php on line 89
[13-Mar-2018 08:20:14 UTC] PHP Stack trace:
[13-Mar-2018 08:20:14 UTC] PHP   1. {main}() /home/ubuntu/workspace/sitoweb/sitoweb-master/partials/java.php:0
[13-Mar-2018 08:20:14 UTC] PHP   2. require() /home/ubuntu/workspace/sitoweb/sitoweb-master/partials/java.php:3
[13-Mar-2018 08:20:49 UTC] PHP Warning:  include(/home/ubuntu/workspace/home/ubuntu/workspace/sitoweb-master/signin.php): failed to open stream: No such file or directory in /home/ubuntu/workspace/sitoweb/sitoweb-master/partials/toolbar.php on line 89
[13-Mar-2018 08:20:49 UTC] PHP Stack trace:
[13-Mar-2018 08:20:49 UTC] PHP   1. {main}() /home/ubuntu/workspace/sitoweb/sitoweb-master/partials/java.php:0
[13-Mar-2018 08:20:49 UTC] PHP   2. require() /home/ubuntu/workspace/sitoweb/sitoweb-master/partials/java.php:3
[13-Mar-2018 08:20:49 UTC] PHP Warning:  include(): Failed opening '/home/ubuntu/workspace/home/ubuntu/workspace/sitoweb-master/signin.php' for inclusion (include_path='.:/usr/share/php:/usr/share/pear') in /home/ubuntu/workspace/sitoweb/sitoweb-master/partials/toolbar.php on line 89
[13-Mar-2018 08:20:49 UTC] PHP Stack trace:
[13-Mar-2018 08:20:49 UTC] PHP   1. {main}() /home/ubuntu/workspace/sitoweb/sitoweb-master/partials/java.php:0
[13-Mar-2018 08:20:49 UTC] PHP   2. require() /home/ubuntu/workspace/sitoweb/sitoweb-master/partials/java.php:3
[13-Mar-2018 08:22:21 UTC] PHP Warning:  include(): https:// wrapper is disabled in the server configuration by allow_url_include=0 in /home/ubuntu/workspace/sitoweb/sitoweb-master/partials/toolbar.php on line 89
[13-Mar-2018 08:22:21 UTC] PHP Stack trace:
[13-Mar-2018 08:22:21 UTC] PHP   1. {main}() /home/ubuntu/workspace/sitoweb/sitoweb-master/partials/java.php:0
[13-Mar-2018 08:22:21 UTC] PHP   2. require() /home/ubuntu/workspace/sitoweb/sitoweb-master/partials/java.php:3
[13-Mar-2018 08:22:21 UTC] PHP Warning:  include(https://lamp-project-giugie-danieletommasini.c9users.io/sitoweb/sitoweb-master/signin.php): failed to open stream: no suitable wrapper could be found in /home/ubuntu/workspace/sitoweb/sitoweb-master/partials/toolbar.php on line 89
[13-Mar-2018 08:22:21 UTC] PHP Stack trace:
[13-Mar-2018 08:22:21 UTC] PHP   1. {main}() /home/ubuntu/workspace/sitoweb/sitoweb-master/partials/java.php:0
[13-Mar-2018 08:22:21 UTC] PHP   2. require() /home/ubuntu/workspace/sitoweb/sitoweb-master/partials/java.php:3
[13-Mar-2018 08:22:21 UTC] PHP Warning:  include(): Failed opening 'https://lamp-project-giugie-danieletommasini.c9users.io/sitoweb/sitoweb-master/signin.php' for inclusion (include_path='.:/usr/share/php:/usr/share/pear') in /home/ubuntu/workspace/sitoweb/sitoweb-master/partials/toolbar.php on line 89
[13-Mar-2018 08:22:21 UTC] PHP Stack trace:
[13-Mar-2018 08:22:21 UTC] PHP   1. {main}() /home/ubuntu/workspace/sitoweb/sitoweb-master/partials/java.php:0
[13-Mar-2018 08:22:21 UTC] PHP   2. require() /home/ubuntu/workspace/sitoweb/sitoweb-master/partials/java.php:3
